TN:
SF:script/Deploy.s.sol
DA:9,0
FN:9,DeployESGICertificates.run
FNDA:0,DeployESGICertificates.run
DA:10,0
DA:12,0
DA:13,0
DA:15,0
FNF:1
FNH:0
LF:5
LH:0
BRF:0
BRH:0
end_of_record
TN:
SF:src/ESGIAnnualPerformanceNFT.sol
DA:22,9
FN:22,ESGIAnnualPerformanceNFT.mintAnnualPerformanceNFT
FNDA:9,ESGIAnnualPerformanceNFT.mintAnnualPerformanceNFT
DA:29,8
DA:31,8
DA:32,8
DA:34,8
DA:40,8
DA:43,2
FN:43,ESGIAnnualPerformanceNFT.updateAnnualPerformance
FNDA:2,ESGIAnnualPerformanceNFT.updateAnnualPerformance
DA:48,2
BRDA:48,0,0,-
BRDA:48,0,1,2
DA:51,2
DA:54,8
FN:54,ESGIAnnualPerformanceNFT.getAnnualPerformanceDetails
FNDA:8,ESGIAnnualPerformanceNFT.getAnnualPerformanceDetails
DA:58,8
BRDA:58,1,0,1
BRDA:58,1,1,7
DA:61,7
DA:65,2
FN:65,ESGIAnnualPerformanceNFT.doesTokenExist
FNDA:2,ESGIAnnualPerformanceNFT.doesTokenExist
DA:66,2
DA:67,2
DA:68,1
FNF:4
FNH:4
LF:16
LH:16
BRF:4
BRH:3
end_of_record
TN:
SF:src/ESGIProgramNFT.sol
DA:23,15
FN:23,ESGIProgramNFT.mintProgramNFT
FNDA:15,ESGIProgramNFT.mintProgramNFT
DA:30,14
DA:32,14
DA:33,14
DA:35,14
DA:42,14
DA:45,2
FN:45,ESGIProgramNFT.updateProgramStatus
FNDA:2,ESGIProgramNFT.updateProgramStatus
DA:50,2
BRDA:50,0,0,-
BRDA:50,0,1,2
DA:53,2
DA:56,5
FN:56,ESGIProgramNFT.getProgramDetails
FNDA:5,ESGIProgramNFT.getProgramDetails
DA:60,5
BRDA:60,1,0,1
BRDA:60,1,1,4
DA:63,4
DA:66,2
FN:66,ESGIProgramNFT.doesTokenExist
FNDA:2,ESGIProgramNFT.doesTokenExist
DA:68,2
FNF:4
FNH:4
LF:14
LH:14
BRF:4
BRH:3
end_of_record
