TN:
SF:script/Deploy.s.sol
DA:9,0
FN:9,DeployESGICertificates.run
FNDA:0,DeployESGICertificates.run
DA:10,0
DA:12,0
DA:13,0
DA:15,0
FNF:1
FNH:0
LF:5
LH:0
BRF:0
BRH:0
end_of_record
TN:
SF:src/ESGIAnnualPerformanceNFT.sol
DA:22,4
FN:22,ESGIAnnualPerformanceNFT.mintAnnualPerformanceNFT
FNDA:4,ESGIAnnualPerformanceNFT.mintAnnualPerformanceNFT
DA:29,3
DA:31,3
DA:32,3
DA:34,3
DA:40,3
DA:43,3
FN:43,ESGIAnnualPerformanceNFT.updateAnnualPerformance
FNDA:3,ESGIAnnualPerformanceNFT.updateAnnualPerformance
DA:48,2
BRDA:48,0,0,1
BRDA:48,0,1,1
DA:53,1
DA:56,2
FN:56,ESGIAnnualPerformanceNFT.getAnnualPerformanceDetails
FNDA:2,ESGIAnnualPerformanceNFT.getAnnualPerformanceDetails
DA:60,2
BRDA:60,1,0,-
BRDA:60,1,1,2
DA:65,2
DA:69,0
FN:69,ESGIAnnualPerformanceNFT.doesTokenExist
FNDA:0,ESGIAnnualPerformanceNFT.doesTokenExist
DA:70,0
DA:71,0
DA:72,0
FNF:4
FNH:3
LF:16
LH:12
BRF:4
BRH:3
end_of_record
TN:
SF:src/ESGIProgramNFT.sol
DA:23,8
FN:23,ESGIProgramNFT.mintProgramNFT
FNDA:8,ESGIProgramNFT.mintProgramNFT
DA:30,7
DA:32,7
DA:33,7
DA:35,7
DA:42,7
DA:45,3
FN:45,ESGIProgramNFT.updateProgramStatus
FNDA:3,ESGIProgramNFT.updateProgramStatus
DA:50,2
BRDA:50,0,0,1
BRDA:50,0,1,1
DA:55,1
DA:58,2
FN:58,ESGIProgramNFT.getProgramDetails
FNDA:2,ESGIProgramNFT.getProgramDetails
DA:62,2
BRDA:62,1,0,-
BRDA:62,1,1,2
DA:67,2
DA:71,0
FN:71,ESGIProgramNFT.doesTokenExist
FNDA:0,ESGIProgramNFT.doesTokenExist
DA:72,0
DA:73,0
DA:74,0
FNF:4
FNH:3
LF:16
LH:12
BRF:4
BRH:3
end_of_record
